# JRE version: Java(TM) SE Runtime Environment 18.9 (11.0.17+10) (build 11.0.17+10-LTS-269)
# Java VM: Java HotSpot(TM) 64-Bit Server VM 18.9 (11.0.17+10-LTS-269, mixed mode, tiered, compressed oops, g1 gc, windows-amd64)
Heap:
 garbage-first heap   total 157696K, used 47523K [0x0000000081800000, 0x0000000100000000)
  region size 1024K, 30 young (30720K), 5 survivors (5120K)
 Metaspace       used 44597K, capacity 45008K, committed 45232K, reserved 1089536K
  class space    used 5304K, capacity 5516K, committed 5632K, reserved 1048576K
GC Heap History (10 events):
Event: 1.734 GC heap before
{Heap before GC invocations=0 (full 0):
 garbage-first heap   total 131072K, used 27648K [0x0000000081800000, 0x0000000100000000)
  region size 1024K, 24 young (24576K), 0 survivors (0K)
 Metaspace       used 12174K, capacity 12310K, committed 12544K, reserved 1060864K
  class space    used 1153K, capacity 1207K, committed 1280K, reserved 1048576K
}
Event: 1.751 GC heap after
{Heap after GC invocations=1 (full 0):
 garbage-first heap   total 131072K, used 5884K [0x0000000081800000, 0x0000000100000000)
  region size 1024K, 3 young (3072K), 3 survivors (3072K)
 Metaspace       used 12174K, capacity 12310K, committed 12544K, reserved 1060864K
  class space    used 1153K, capacity 1207K, committed 1280K, reserved 1048576K
}
Event: 4.898 GC heap before
{Heap before GC invocations=1 (full 0):
 garbage-first heap   total 131072K, used 43772K [0x0000000081800000, 0x0000000100000000)
  region size 1024K, 41 young (41984K), 3 survivors (3072K)
 Metaspace       used 20897K, capacity 21086K, committed 21296K, reserved 1069056K
  class space    used 2245K, capacity 2313K, committed 2432K, reserved 1048576K
}
Event: 4.931 GC heap after
{Heap after GC invocations=2 (full 0):
 garbage-first heap   total 131072K, used 9216K [0x0000000081800000, 0x0000000100000000)
  region size 1024K, 6 young (6144K), 6 survivors (6144K)
 Metaspace       used 20897K, capacity 21086K, committed 21296K, reserved 1069056K
  class space    used 2245K, capacity 2313K, committed 2432K, reserved 1048576K
}
Event: 9.148 GC heap before
{Heap before GC invocations=3 (full 0):
 garbage-first heap   total 131072K, used 59392K [0x0000000081800000, 0x0000000100000000)
  region size 1024K, 50 young (51200K), 6 survivors (6144K)
 Metaspace       used 31287K, capacity 31697K, committed 32048K, reserved 1077248K
  class space    used 3928K, capacity 4116K, committed 4224K, reserved 1048576K
}
Event: 9.214 GC heap after
{Heap after GC invocations=4 (full 0):
 garbage-first heap   total 131072K, used 20543K [0x0000000081800000, 0x0000000100000000)
  region size 1024K, 7 young (7168K), 7 survivors (7168K)
 Metaspace       used 31287K, capacity 31697K, committed 32048K, reserved 1077248K
  class space    used 3928K, capacity 4116K, committed 4224K, reserved 1048576K
}
Event: 9.345 GC heap before
{Heap before GC invocations=5 (full 0):
 garbage-first heap   total 131072K, used 22591K [0x0000000081800000, 0x0000000100000000)
  region size 1024K, 9 young (9216K), 7 survivors (7168K)
 Metaspace       used 31699K, capacity 32086K, committed 32304K, reserved 1077248K
  class space    used 4000K, capacity 4182K, committed 4224K, reserved 1048576K
}
Event: 9.378 GC heap after
{Heap after GC invocations=6 (full 0):
 garbage-first heap   total 131072K, used 21504K [0x0000000081800000, 0x0000000100000000)
  region size 1024K, 1 young (1024K), 1 survivors (1024K)
 Metaspace       used 31699K, capacity 32086K, committed 32304K, reserved 1077248K
  class space    used 4000K, capacity 4182K, committed 4224K, reserved 1048576K
}
Event: 11.126 GC heap before
{Heap before GC invocations=6 (full 0):
 garbage-first heap   total 131072K, used 62464K [0x0000000081800000, 0x0000000100000000)
  region size 1024K, 41 young (41984K), 1 survivors (1024K)
 Metaspace       used 39821K, capacity 40224K, committed 40624K, reserved 1085440K
  class space    used 4809K, capacity 4995K, committed 5120K, reserved 1048576K
}
Event: 11.148 GC heap after
{Heap after GC invocations=7 (full 0):
 garbage-first heap   total 157696K, used 22947K [0x0000000081800000, 0x0000000100000000)
  region size 1024K, 5 young (5120K), 5 survivors (5120K)
 Metaspace       used 39821K, capacity 40224K, committed 40624K, reserved 1085440K
  class space    used 4809K, capacity 4995K, committed 5120K, reserved 1048576K
}

