# JRE version: Java(TM) SE Runtime Environment 18.9 (11.0.17+10) (build 11.0.17+10-LTS-269)
# Java VM: Java HotSpot(TM) 64-Bit Server VM 18.9 (11.0.17+10-LTS-269, mixed mode, tiered, compressed oops, g1 gc, windows-amd64)
Heap:
 garbage-first heap   total 166912K, used 33131K [0x0000000081800000, 0x0000000100000000)
  region size 1024K, 8 young (8192K), 8 survivors (8192K)
 Metaspace       used 47530K, capacity 48058K, committed 48328K, reserved 1091584K
  class space    used 5578K, capacity 5815K, committed 5884K, reserved 1048576K
GC Heap History (9 events):
Event: 1.097 GC heap before
{Heap before GC invocations=0 (full 0):
 garbage-first heap   total 131072K, used 28672K [0x0000000081800000, 0x0000000100000000)
  region size 1024K, 24 young (24576K), 0 survivors (0K)
 Metaspace       used 11902K, capacity 12022K, committed 12288K, reserved 1060864K
  class space    used 1117K, capacity 1175K, committed 1280K, reserved 1048576K
}
Event: 1.113 GC heap after
{Heap after GC invocations=1 (full 0):
 garbage-first heap   total 131072K, used 6710K [0x0000000081800000, 0x0000000100000000)
  region size 1024K, 3 young (3072K), 3 survivors (3072K)
 Metaspace       used 11902K, capacity 12022K, committed 12288K, reserved 1060864K
  class space    used 1117K, capacity 1175K, committed 1280K, reserved 1048576K
}
Event: 3.228 GC heap before
{Heap before GC invocations=1 (full 0):
 garbage-first heap   total 131072K, used 45622K [0x0000000081800000, 0x0000000100000000)
  region size 1024K, 42 young (43008K), 3 survivors (3072K)
 Metaspace       used 20769K, capacity 21003K, committed 21296K, reserved 1069056K
  class space    used 2228K, capacity 2308K, committed 2352K, reserved 1048576K
}
Event: 3.268 GC heap after
{Heap after GC invocations=2 (full 0):
 garbage-first heap   total 131072K, used 10456K [0x0000000081800000, 0x0000000100000000)
  region size 1024K, 7 young (7168K), 7 survivors (7168K)
 Metaspace       used 20769K, capacity 21003K, committed 21296K, reserved 1069056K
  class space    used 2228K, capacity 2308K, committed 2352K, reserved 1048576K
}
Event: 7.159 GC heap before
{Heap before GC invocations=3 (full 0):
 garbage-first heap   total 131072K, used 62680K [0x0000000081800000, 0x0000000100000000)
  region size 1024K, 52 young (53248K), 7 survivors (7168K)
 Metaspace       used 30543K, capacity 30935K, committed 31280K, reserved 1077248K
  class space    used 3633K, capacity 3822K, committed 3888K, reserved 1048576K
}
Event: 7.229 GC heap after
{Heap after GC invocations=4 (full 0):
 garbage-first heap   total 131072K, used 23433K [0x0000000081800000, 0x0000000100000000)
  region size 1024K, 7 young (7168K), 7 survivors (7168K)
 Metaspace       used 30543K, capacity 30935K, committed 31280K, reserved 1077248K
  class space    used 3633K, capacity 3822K, committed 3888K, reserved 1048576K
}
Event: 8.862 GC heap before
{Heap before GC invocations=4 (full 0):
 garbage-first heap   total 131072K, used 44937K [0x0000000081800000, 0x0000000100000000)
  region size 1024K, 29 young (29696K), 7 survivors (7168K)
 Metaspace       used 35239K, capacity 35595K, committed 35708K, reserved 1081344K
  class space    used 4332K, capacity 4501K, committed 4528K, reserved 1048576K
}
Event: 8.897 GC heap after
{Heap after GC invocations=5 (full 0):
 garbage-first heap   total 131072K, used 23898K [0x0000000081800000, 0x0000000100000000)
  region size 1024K, 3 young (3072K), 3 survivors (3072K)
 Metaspace       used 35239K, capacity 35595K, committed 35708K, reserved 1081344K
  class space    used 4332K, capacity 4501K, committed 4528K, reserved 1048576K
}
Event: 13.605 GC heap before
{Heap before GC invocations=6 (full 0):
 garbage-first heap   total 131072K, used 87386K [0x0000000081800000, 0x0000000100000000)
  region size 1024K, 63 young (64512K), 3 survivors (3072K)
 Metaspace       used 47530K, capacity 48058K, committed 48328K, reserved 1091584K
  class space    used 5578K, capacity 5815K, committed 5884K, reserved 1048576K
}

