# JRE version: Java(TM) SE Runtime Environment 18.9 (11.0.17+10) (build 11.0.17+10-LTS-269)
# Java VM: Java HotSpot(TM) 64-Bit Server VM 18.9 (11.0.17+10-LTS-269, mixed mode, tiered, compressed oops, g1 gc, windows-amd64)
Heap:
 garbage-first heap   total 131072K, used 35270K [0x0000000080000000, 0x0000000100000000)
  region size 1024K, 19 young (19456K), 3 survivors (3072K)
 Metaspace       used 26765K, capacity 27456K, committed 27568K, reserved 540672K
  class space    used 3504K, capacity 3772K, committed 3840K, reserved 516096K
GC Heap History (8 events):
Event: 0.729 GC heap before
{Heap before GC invocations=0 (full 0):
 garbage-first heap   total 131072K, used 27648K [0x0000000080000000, 0x0000000100000000)
  region size 1024K, 24 young (24576K), 0 survivors (0K)
 Metaspace       used 9640K, capacity 9839K, committed 10112K, reserved 526336K
  class space    used 1003K, capacity 1069K, committed 1152K, reserved 516096K
}
Event: 0.751 GC heap after
{Heap after GC invocations=1 (full 0):
 garbage-first heap   total 131072K, used 10779K [0x0000000080000000, 0x0000000100000000)
  region size 1024K, 3 young (3072K), 3 survivors (3072K)
 Metaspace       used 9640K, capacity 9839K, committed 10112K, reserved 526336K
  class space    used 1003K, capacity 1069K, committed 1152K, reserved 516096K
}
Event: 2.845 GC heap before
{Heap before GC invocations=1 (full 0):
 garbage-first heap   total 131072K, used 85531K [0x0000000080000000, 0x0000000100000000)
  region size 1024K, 76 young (77824K), 3 survivors (3072K)
 Metaspace       used 18466K, capacity 18866K, committed 19072K, reserved 534528K
  class space    used 2177K, capacity 2314K, committed 2432K, reserved 516096K
}
Event: 2.873 GC heap after
{Heap after GC invocations=2 (full 0):
 garbage-first heap   total 131072K, used 17979K [0x0000000080000000, 0x0000000100000000)
  region size 1024K, 10 young (10240K), 10 survivors (10240K)
 Metaspace       used 18466K, capacity 18866K, committed 19072K, reserved 534528K
  class space    used 2177K, capacity 2314K, committed 2432K, reserved 516096K
}
Event: 3.398 GC heap before
{Heap before GC invocations=2 (full 0):
 garbage-first heap   total 131072K, used 37435K [0x0000000080000000, 0x0000000100000000)
  region size 1024K, 30 young (30720K), 10 survivors (10240K)
 Metaspace       used 20681K, capacity 21172K, committed 21296K, reserved 536576K
  class space    used 2522K, capacity 2687K, committed 2688K, reserved 516096K
}
Event: 3.414 GC heap after
{Heap after GC invocations=3 (full 0):
 garbage-first heap   total 131072K, used 18533K [0x0000000080000000, 0x0000000100000000)
  region size 1024K, 2 young (2048K), 2 survivors (2048K)
 Metaspace       used 20681K, capacity 21172K, committed 21296K, reserved 536576K
  class space    used 2522K, capacity 2687K, committed 2688K, reserved 516096K
}
Event: 3.977 GC heap before
{Heap before GC invocations=4 (full 0):
 garbage-first heap   total 131072K, used 66661K [0x0000000080000000, 0x0000000100000000)
  region size 1024K, 49 young (50176K), 2 survivors (2048K)
 Metaspace       used 24827K, capacity 25397K, committed 25648K, reserved 538624K
  class space    used 3209K, capacity 3418K, committed 3456K, reserved 516096K
}
Event: 3.982 GC heap after
{Heap after GC invocations=5 (full 0):
 garbage-first heap   total 131072K, used 19910K [0x0000000080000000, 0x0000000100000000)
  region size 1024K, 3 young (3072K), 3 survivors (3072K)
 Metaspace       used 24827K, capacity 25397K, committed 25648K, reserved 538624K
  class space    used 3209K, capacity 3418K, committed 3456K, reserved 516096K
}

