# JRE version: Java(TM) SE Runtime Environment 18.9 (11.0.17+10) (build 11.0.17+10-LTS-269)
# Java VM: Java HotSpot(TM) 64-Bit Server VM 18.9 (11.0.17+10-LTS-269, mixed mode, tiered, compressed oops, g1 gc, windows-amd64)
Heap:
 garbage-first heap   total 131072K, used 73728K [0x0000000081800000, 0x0000000100000000)
  region size 1024K, 52 young (53248K), 3 survivors (3072K)
 Metaspace       used 45601K, capacity 46028K, committed 46160K, reserved 1089536K
  class space    used 5389K, capacity 5604K, committed 5632K, reserved 1048576K
GC Heap History (8 events):
Event: 1.700 GC heap before
{Heap before GC invocations=0 (full 0):
 garbage-first heap   total 131072K, used 28672K [0x0000000081800000, 0x0000000100000000)
  region size 1024K, 24 young (24576K), 0 survivors (0K)
 Metaspace       used 11906K, capacity 12022K, committed 12288K, reserved 1060864K
  class space    used 1118K, capacity 1175K, committed 1280K, reserved 1048576K
}
Event: 1.715 GC heap after
{Heap after GC invocations=1 (full 0):
 garbage-first heap   total 131072K, used 6725K [0x0000000081800000, 0x0000000100000000)
  region size 1024K, 3 young (3072K), 3 survivors (3072K)
 Metaspace       used 11906K, capacity 12022K, committed 12288K, reserved 1060864K
  class space    used 1118K, capacity 1175K, committed 1280K, reserved 1048576K
}
Event: 4.227 GC heap before
{Heap before GC invocations=1 (full 0):
 garbage-first heap   total 131072K, used 47685K [0x0000000081800000, 0x0000000100000000)
  region size 1024K, 44 young (45056K), 3 survivors (3072K)
 Metaspace       used 20901K, capacity 21070K, committed 21296K, reserved 1069056K
  class space    used 2248K, capacity 2309K, committed 2432K, reserved 1048576K
}
Event: 4.280 GC heap after
{Heap after GC invocations=2 (full 0):
 garbage-first heap   total 131072K, used 10662K [0x0000000081800000, 0x0000000100000000)
  region size 1024K, 7 young (7168K), 7 survivors (7168K)
 Metaspace       used 20901K, capacity 21070K, committed 21296K, reserved 1069056K
  class space    used 2248K, capacity 2309K, committed 2432K, reserved 1048576K
}
Event: 8.792 GC heap before
{Heap before GC invocations=3 (full 0):
 garbage-first heap   total 131072K, used 63910K [0x0000000081800000, 0x0000000100000000)
  region size 1024K, 53 young (54272K), 7 survivors (7168K)
 Metaspace       used 31305K, capacity 31673K, committed 32048K, reserved 1077248K
  class space    used 3912K, capacity 4110K, committed 4224K, reserved 1048576K
}
Event: 8.872 GC heap after
{Heap after GC invocations=4 (full 0):
 garbage-first heap   total 131072K, used 23929K [0x0000000081800000, 0x0000000100000000)
  region size 1024K, 7 young (7168K), 7 survivors (7168K)
 Metaspace       used 31305K, capacity 31673K, committed 32048K, reserved 1077248K
  class space    used 3912K, capacity 4110K, committed 4224K, reserved 1048576K
}
Event: 9.757 GC heap before
{Heap before GC invocations=4 (full 0):
 garbage-first heap   total 131072K, used 44409K [0x0000000081800000, 0x0000000100000000)
  region size 1024K, 28 young (28672K), 7 survivors (7168K)
 Metaspace       used 35449K, capacity 35787K, committed 35920K, reserved 1081344K
  class space    used 4379K, capacity 4565K, committed 4608K, reserved 1048576K
}
Event: 9.789 GC heap after
{Heap after GC invocations=5 (full 0):
 garbage-first heap   total 131072K, used 24576K [0x0000000081800000, 0x0000000100000000)
  region size 1024K, 3 young (3072K), 3 survivors (3072K)
 Metaspace       used 35449K, capacity 35787K, committed 35920K, reserved 1081344K
  class space    used 4379K, capacity 4565K, committed 4608K, reserved 1048576K
}

